# JRE version: Java(TM) SE Runtime Environment (8.0_171-b11) (build 1.8.0_171-b11)
# Java VM: Java HotSpot(TM) 64-Bit Server VM (25.171-b11 mixed mode windows-amd64 compressed oops)
Heap:
 PSYoungGen      total 167424K, used 83455K [0x00000000d6000000, 0x00000000e2000000, 0x0000000100000000)
  eden space 144384K, 41% used [0x00000000d6000000,0x00000000d9b02ac0,0x00000000ded00000)
  from space 23040K, 99% used [0x00000000ded00000,0x00000000e037d230,0x00000000e0380000)
  to   space 18944K, 0% used [0x00000000e0380000,0x00000000e0380000,0x00000000e1600000)
 ParOldGen       total 61952K, used 34689K [0x0000000082000000, 0x0000000085c80000, 0x00000000d6000000)
  object space 61952K, 55% used [0x0000000082000000,0x00000000841e0728,0x0000000085c80000)
 Metaspace       used 26072K, capacity 26762K, committed 27056K, reserved 1073152K
  class space    used 3036K, capacity 3235K, committed 3248K, reserved 1048576K
GC Heap History (10 events):
Event: 16.582 GC heap before
{Heap before GC invocations=8 (full 1):
 PSYoungGen      total 73728K, used 63488K [0x00000000d6000000, 0x00000000df000000, 0x0000000100000000)
  eden space 63488K, 100% used [0x00000000d6000000,0x00000000d9e00000,0x00000000d9e00000)
  from space 10240K, 0% used [0x00000000da800000,0x00000000da800000,0x00000000db200000)
  to   space 10240K, 0% used [0x00000000d9e00000,0x00000000d9e00000,0x00000000da800000)
 ParOldGen       total 61952K, used 12501K [0x0000000082000000, 0x0000000085c80000, 0x00000000d6000000)
  object space 61952K, 20% used [0x0000000082000000,0x0000000082c357f0,0x0000000085c80000)
 Metaspace       used 23827K, capacity 24424K, committed 24496K, reserved 1071104K
  class space    used 2776K, capacity 2965K, committed 2992K, reserved 1048576K
Event: 16.595 GC heap after
Heap after GC invocations=8 (full 1):
 PSYoungGen      total 73728K, used 10233K [0x00000000d6000000, 0x00000000ddc00000, 0x0000000100000000)
  eden space 63488K, 0% used [0x00000000d6000000,0x00000000d6000000,0x00000000d9e00000)
  from space 10240K, 99% used [0x00000000d9e00000,0x00000000da7fe618,0x00000000da800000)
  to   space 11776K, 0% used [0x00000000dd080000,0x00000000dd080000,0x00000000ddc00000)
 ParOldGen       total 61952K, used 14293K [0x0000000082000000, 0x0000000085c80000, 0x00000000d6000000)
  object space 61952K, 23% used [0x0000000082000000,0x0000000082df5488,0x0000000085c80000)
 Metaspace       used 23827K, capacity 24424K, committed 24496K, reserved 1071104K
  class space    used 2776K, capacity 2965K, committed 2992K, reserved 1048576K
}
Event: 17.180 GC heap before
{Heap before GC invocations=9 (full 1):
 PSYoungGen      total 73728K, used 73721K [0x00000000d6000000, 0x00000000ddc00000, 0x0000000100000000)
  eden space 63488K, 100% used [0x00000000d6000000,0x00000000d9e00000,0x00000000d9e00000)
  from space 10240K, 99% used [0x00000000d9e00000,0x00000000da7fe618,0x00000000da800000)
  to   space 11776K, 0% used [0x00000000dd080000,0x00000000dd080000,0x00000000ddc00000)
 ParOldGen       total 61952K, used 14293K [0x0000000082000000, 0x0000000085c80000, 0x00000000d6000000)
  object space 61952K, 23% used [0x0000000082000000,0x0000000082df5488,0x0000000085c80000)
 Metaspace       used 23867K, capacity 24488K, committed 24752K, reserved 1071104K
  class space    used 2776K, capacity 2965K, committed 2992K, reserved 1048576K
Event: 17.215 GC heap after
Heap after GC invocations=9 (full 1):
 PSYoungGen      total 112128K, used 11760K [0x00000000d6000000, 0x00000000dea80000, 0x0000000100000000)
  eden space 100352K, 0% used [0x00000000d6000000,0x00000000d6000000,0x00000000dc200000)
  from space 11776K, 99% used [0x00000000dd080000,0x00000000ddbfc270,0x00000000ddc00000)
  to   space 14848K, 0% used [0x00000000dc200000,0x00000000dc200000,0x00000000dd080000)
 ParOldGen       total 61952K, used 17692K [0x0000000082000000, 0x0000000085c80000, 0x00000000d6000000)
  object space 61952K, 28% used [0x0000000082000000,0x00000000831471d0,0x0000000085c80000)
 Metaspace       used 23867K, capacity 24488K, committed 24752K, reserved 1071104K
  class space    used 2776K, capacity 2965K, committed 2992K, reserved 1048576K
}
Event: 17.981 GC heap before
{Heap before GC invocations=10 (full 1):
 PSYoungGen      total 112128K, used 112112K [0x00000000d6000000, 0x00000000dea80000, 0x0000000100000000)
  eden space 100352K, 100% used [0x00000000d6000000,0x00000000dc200000,0x00000000dc200000)
  from space 11776K, 99% used [0x00000000dd080000,0x00000000ddbfc270,0x00000000ddc00000)
  to   space 14848K, 0% used [0x00000000dc200000,0x00000000dc200000,0x00000000dd080000)
 ParOldGen       total 61952K, used 17692K [0x0000000082000000, 0x0000000085c80000, 0x00000000d6000000)
  object space 61952K, 28% used [0x0000000082000000,0x00000000831471d0,0x0000000085c80000)
 Metaspace       used 23881K, capacity 24492K, committed 24752K, reserved 1071104K
  class space    used 2777K, capacity 2965K, committed 2992K, reserved 1048576K
Event: 18.013 GC heap after
Heap after GC invocations=10 (full 1):
 PSYoungGen      total 115200K, used 14825K [0x00000000d6000000, 0x00000000e1600000, 0x0000000100000000)
  eden space 100352K, 0% used [0x00000000d6000000,0x00000000d6000000,0x00000000dc200000)
  from space 14848K, 99% used [0x00000000dc200000,0x00000000dd07a790,0x00000000dd080000)
  to   space 18944K, 0% used [0x00000000e0380000,0x00000000e0380000,0x00000000e1600000)
 ParOldGen       total 61952K, used 23700K [0x0000000082000000, 0x0000000085c80000, 0x00000000d6000000)
  object space 61952K, 38% used [0x0000000082000000,0x0000000083725078,0x0000000085c80000)
 Metaspace       used 23881K, capacity 24492K, committed 24752K, reserved 1071104K
  class space    used 2777K, capacity 2965K, committed 2992K, reserved 1048576K
}
Event: 18.778 GC heap before
{Heap before GC invocations=11 (full 1):
 PSYoungGen      total 115200K, used 115177K [0x00000000d6000000, 0x00000000e1600000, 0x0000000100000000)
  eden space 100352K, 100% used [0x00000000d6000000,0x00000000dc200000,0x00000000dc200000)
  from space 14848K, 99% used [0x00000000dc200000,0x00000000dd07a790,0x00000000dd080000)
  to   space 18944K, 0% used [0x00000000e0380000,0x00000000e0380000,0x00000000e1600000)
 ParOldGen       total 61952K, used 23700K [0x0000000082000000, 0x0000000085c80000, 0x00000000d6000000)
  object space 61952K, 38% used [0x0000000082000000,0x0000000083725078,0x0000000085c80000)
 Metaspace       used 23891K, capacity 24502K, committed 24752K, reserved 1071104K
  class space    used 2778K, capacity 2967K, committed 2992K, reserved 1048576K
Event: 18.818 GC heap after
Heap after GC invocations=11 (full 1):
 PSYoungGen      total 163328K, used 18936K [0x00000000d6000000, 0x00000000e2000000, 0x0000000100000000)
  eden space 144384K, 0% used [0x00000000d6000000,0x00000000d6000000,0x00000000ded00000)
  from space 18944K, 99% used [0x00000000e0380000,0x00000000e15fe1f0,0x00000000e1600000)
  to   space 23040K, 0% used [0x00000000ded00000,0x00000000ded00000,0x00000000e0380000)
 ParOldGen       total 61952K, used 28936K [0x0000000082000000, 0x0000000085c80000, 0x00000000d6000000)
  object space 61952K, 46% used [0x0000000082000000,0x0000000083c42140,0x0000000085c80000)
 Metaspace       used 23891K, capacity 24502K, committed 24752K, reserved 1071104K
  class space    used 2778K, capacity 2967K, committed 2992K, reserved 1048576K
}
Event: 19.903 GC heap before
{Heap before GC invocations=12 (full 1):
 PSYoungGen      total 163328K, used 163320K [0x00000000d6000000, 0x00000000e2000000, 0x0000000100000000)
  eden space 144384K, 100% used [0x00000000d6000000,0x00000000ded00000,0x00000000ded00000)
  from space 18944K, 99% used [0x00000000e0380000,0x00000000e15fe1f0,0x00000000e1600000)
  to   space 23040K, 0% used [0x00000000ded00000,0x00000000ded00000,0x00000000e0380000)
 ParOldGen       total 61952K, used 28936K [0x0000000082000000, 0x0000000085c80000, 0x00000000d6000000)
  object space 61952K, 46% used [0x0000000082000000,0x0000000083c42140,0x0000000085c80000)
 Metaspace       used 23903K, capacity 24566K, committed 24752K, reserved 1071104K
  class space    used 2780K, capacity 2967K, committed 2992K, reserved 1048576K
Event: 19.942 GC heap after
Heap after GC invocations=12 (full 1):
 PSYoungGen      total 167424K, used 23028K [0x00000000d6000000, 0x00000000e2000000, 0x0000000100000000)
  eden space 144384K, 0% used [0x00000000d6000000,0x00000000d6000000,0x00000000ded00000)
  from space 23040K, 99% used [0x00000000ded00000,0x00000000e037d230,0x00000000e0380000)
  to   space 18944K, 0% used [0x00000000e0380000,0x00000000e0380000,0x00000000e1600000)
 ParOldGen       total 61952K, used 34689K [0x0000000082000000, 0x0000000085c80000, 0x00000000d6000000)
  object space 61952K, 55% used [0x0000000082000000,0x00000000841e0728,0x0000000085c80000)
 Metaspace       used 23903K, capacity 24566K, committed 24752K, reserved 1071104K
  class space    used 2780K, capacity 2967K, committed 2992K, reserved 1048576K
}

