# JRE version: Java(TM) SE Runtime Environment (8.0_171-b11) (build 1.8.0_171-b11)
# Java VM: Java HotSpot(TM) 64-Bit Server VM (25.171-b11 mixed mode windows-amd64 compressed oops)
Heap:
 PSYoungGen      total 108544K, used 34230K [0x00000000d6000000, 0x00000000de480000, 0x0000000100000000)
  eden space 96768K, 23% used [0x00000000d6000000,0x00000000d75f3bb0,0x00000000dbe80000)
  from space 11776K, 99% used [0x00000000dcd00000,0x00000000dd879e10,0x00000000dd880000)
  to   space 14848K, 0% used [0x00000000dbe80000,0x00000000dbe80000,0x00000000dcd00000)
 ParOldGen       total 65024K, used 23263K [0x0000000082000000, 0x0000000085f80000, 0x00000000d6000000)
  object space 65024K, 35% used [0x0000000082000000,0x00000000836b7db0,0x0000000085f80000)
 Metaspace       used 23844K, capacity 24424K, committed 24496K, reserved 1071104K
  class space    used 2776K, capacity 2965K, committed 2992K, reserved 1048576K
GC Heap History (10 events):
Event: 7.919 GC heap before
{Heap before GC invocations=5 (full 0):
 PSYoungGen      total 70656K, used 70648K [0x00000000d6000000, 0x00000000daa00000, 0x0000000100000000)
  eden space 65536K, 100% used [0x00000000d6000000,0x00000000da000000,0x00000000da000000)
  from space 5120K, 99% used [0x00000000da500000,0x00000000da9fe010,0x00000000daa00000)
  to   space 5120K, 0% used [0x00000000da000000,0x00000000da000000,0x00000000da500000)
 ParOldGen       total 86016K, used 7087K [0x0000000082000000, 0x0000000087400000, 0x00000000d6000000)
  object space 86016K, 8% used [0x0000000082000000,0x00000000826ebda0,0x0000000087400000)
 Metaspace       used 17706K, capacity 18220K, committed 18432K, reserved 1064960K
  class space    used 2057K, capacity 2198K, committed 2304K, reserved 1048576K
Event: 7.939 GC heap after
Heap after GC invocations=5 (full 0):
 PSYoungGen      total 70656K, used 5096K [0x00000000d6000000, 0x00000000daa00000, 0x0000000100000000)
  eden space 65536K, 0% used [0x00000000d6000000,0x00000000d6000000,0x00000000da000000)
  from space 5120K, 99% used [0x00000000da000000,0x00000000da4fa080,0x00000000da500000)
  to   space 5120K, 0% used [0x00000000da500000,0x00000000da500000,0x00000000daa00000)
 ParOldGen       total 86016K, used 11364K [0x0000000082000000, 0x0000000087400000, 0x00000000d6000000)
  object space 86016K, 13% used [0x0000000082000000,0x0000000082b19048,0x0000000087400000)
 Metaspace       used 17706K, capacity 18220K, committed 18432K, reserved 1064960K
  class space    used 2057K, capacity 2198K, committed 2304K, reserved 1048576K
}
Event: 8.621 GC heap before
{Heap before GC invocations=6 (full 0):
 PSYoungGen      total 70656K, used 29812K [0x00000000d6000000, 0x00000000daa00000, 0x0000000100000000)
  eden space 65536K, 37% used [0x00000000d6000000,0x00000000d7823248,0x00000000da000000)
  from space 5120K, 99% used [0x00000000da000000,0x00000000da4fa080,0x00000000da500000)
  to   space 5120K, 0% used [0x00000000da500000,0x00000000da500000,0x00000000daa00000)
 ParOldGen       total 86016K, used 11364K [0x0000000082000000, 0x0000000087400000, 0x00000000d6000000)
  object space 86016K, 13% used [0x0000000082000000,0x0000000082b19048,0x0000000087400000)
 Metaspace       used 20797K, capacity 21252K, committed 21296K, reserved 1069056K
  class space    used 2442K, capacity 2590K, committed 2608K, reserved 1048576K
Event: 8.638 GC heap after
Heap after GC invocations=6 (full 0):
 PSYoungGen      total 70656K, used 5096K [0x00000000d6000000, 0x00000000daa00000, 0x0000000100000000)
  eden space 65536K, 0% used [0x00000000d6000000,0x00000000d6000000,0x00000000da000000)
  from space 5120K, 99% used [0x00000000da500000,0x00000000da9fa040,0x00000000daa00000)
  to   space 5120K, 0% used [0x00000000da000000,0x00000000da000000,0x00000000da500000)
 ParOldGen       total 86016K, used 14353K [0x0000000082000000, 0x0000000087400000, 0x00000000d6000000)
  object space 86016K, 16% used [0x0000000082000000,0x0000000082e044c0,0x0000000087400000)
 Metaspace       used 20797K, capacity 21252K, committed 21296K, reserved 1069056K
  class space    used 2442K, capacity 2590K, committed 2608K, reserved 1048576K
}
Event: 8.638 GC heap before
{Heap before GC invocations=7 (full 1):
 PSYoungGen      total 70656K, used 5096K [0x00000000d6000000, 0x00000000daa00000, 0x0000000100000000)
  eden space 65536K, 0% used [0x00000000d6000000,0x00000000d6000000,0x00000000da000000)
  from space 5120K, 99% used [0x00000000da500000,0x00000000da9fa040,0x00000000daa00000)
  to   space 5120K, 0% used [0x00000000da000000,0x00000000da000000,0x00000000da500000)
 ParOldGen       total 86016K, used 14353K [0x0000000082000000, 0x0000000087400000, 0x00000000d6000000)
  object space 86016K, 16% used [0x0000000082000000,0x0000000082e044c0,0x0000000087400000)
 Metaspace       used 20797K, capacity 21252K, committed 21296K, reserved 1069056K
  class space    used 2442K, capacity 2590K, committed 2608K, reserved 1048576K
Event: 8.745 GC heap after
Heap after GC invocations=7 (full 1):
 PSYoungGen      total 70656K, used 0K [0x00000000d6000000, 0x00000000daa00000, 0x0000000100000000)
  eden space 65536K, 0% used [0x00000000d6000000,0x00000000d6000000,0x00000000da000000)
  from space 5120K, 0% used [0x00000000da500000,0x00000000da500000,0x00000000daa00000)
  to   space 5120K, 0% used [0x00000000da000000,0x00000000da000000,0x00000000da500000)
 ParOldGen       total 65024K, used 12683K [0x0000000082000000, 0x0000000085f80000, 0x00000000d6000000)
  object space 65024K, 19% used [0x0000000082000000,0x0000000082c62f78,0x0000000085f80000)
 Metaspace       used 20797K, capacity 21252K, committed 21296K, reserved 1069056K
  class space    used 2442K, capacity 2590K, committed 2608K, reserved 1048576K
}
Event: 10.837 GC heap before
{Heap before GC invocations=8 (full 1):
 PSYoungGen      total 70656K, used 65536K [0x00000000d6000000, 0x00000000daa00000, 0x0000000100000000)
  eden space 65536K, 100% used [0x00000000d6000000,0x00000000da000000,0x00000000da000000)
  from space 5120K, 0% used [0x00000000da500000,0x00000000da500000,0x00000000daa00000)
  to   space 5120K, 0% used [0x00000000da000000,0x00000000da000000,0x00000000da500000)
 ParOldGen       total 65024K, used 12683K [0x0000000082000000, 0x0000000085f80000, 0x00000000d6000000)
  object space 65024K, 19% used [0x0000000082000000,0x0000000082c62f78,0x0000000085f80000)
 Metaspace       used 23805K, capacity 24360K, committed 24496K, reserved 1071104K
  class space    used 2776K, capacity 2965K, committed 2992K, reserved 1048576K
Event: 10.853 GC heap after
Heap after GC invocations=8 (full 1):
 PSYoungGen      total 70656K, used 5089K [0x00000000d6000000, 0x00000000dd880000, 0x0000000100000000)
  eden space 65536K, 0% used [0x00000000d6000000,0x00000000d6000000,0x00000000da000000)
  from space 5120K, 99% used [0x00000000da000000,0x00000000da4f8650,0x00000000da500000)
  to   space 11776K, 0% used [0x00000000dcd00000,0x00000000dcd00000,0x00000000dd880000)
 ParOldGen       total 65024K, used 19589K [0x0000000082000000, 0x0000000085f80000, 0x00000000d6000000)
  object space 65024K, 30% used [0x0000000082000000,0x0000000083321528,0x0000000085f80000)
 Metaspace       used 23805K, capacity 24360K, committed 24496K, reserved 1071104K
  class space    used 2776K, capacity 2965K, committed 2992K, reserved 1048576K
}
Event: 11.392 GC heap before
{Heap before GC invocations=9 (full 1):
 PSYoungGen      total 70656K, used 70625K [0x00000000d6000000, 0x00000000dd880000, 0x0000000100000000)
  eden space 65536K, 100% used [0x00000000d6000000,0x00000000da000000,0x00000000da000000)
  from space 5120K, 99% used [0x00000000da000000,0x00000000da4f8650,0x00000000da500000)
  to   space 11776K, 0% used [0x00000000dcd00000,0x00000000dcd00000,0x00000000dd880000)
 ParOldGen       total 65024K, used 19589K [0x0000000082000000, 0x0000000085f80000, 0x00000000d6000000)
  object space 65024K, 30% used [0x0000000082000000,0x0000000083321528,0x0000000085f80000)
 Metaspace       used 23844K, capacity 24424K, committed 24496K, reserved 1071104K
  class space    used 2776K, capacity 2965K, committed 2992K, reserved 1048576K
Event: 11.415 GC heap after
Heap after GC invocations=9 (full 1):
 PSYoungGen      total 108544K, used 11751K [0x00000000d6000000, 0x00000000de480000, 0x0000000100000000)
  eden space 96768K, 0% used [0x00000000d6000000,0x00000000d6000000,0x00000000dbe80000)
  from space 11776K, 99% used [0x00000000dcd00000,0x00000000dd879e10,0x00000000dd880000)
  to   space 14848K, 0% used [0x00000000dbe80000,0x00000000dbe80000,0x00000000dcd00000)
 ParOldGen       total 65024K, used 23263K [0x0000000082000000, 0x0000000085f80000, 0x00000000d6000000)
  object space 65024K, 35% used [0x0000000082000000,0x00000000836b7db0,0x0000000085f80000)
 Metaspace       used 23844K, capacity 24424K, committed 24496K, reserved 1071104K
  class space    used 2776K, capacity 2965K, committed 2992K, reserved 1048576K
}

